<?xml version="1.0" encoding="UTF-8"?>
<!-- Generated by org.testng.reporters.JUnitXMLReporter -->
<testsuite ignored="0" hostname="DESKTOP-3DCMKBJ" failures="2" tests="4" name="Pacific Power" time="51.371" errors="0" timestamp="15 Aug 2019 09:15:03 GMT">
  <testcase classname="com.PacificPower.generic.BaseTest" name="@AfterMethod afterMethod" time="0.0">
    <failure type="java.lang.NullPointerException">
      <![CDATA[java.lang.NullPointerException
at com.PacificPower.Utility.ExtentReporterHelper.getResult(ExtentReporterHelper.java:49)
at com.PacificPower.generic.BaseTest.afterMethod(BaseTest.java:98)
... Removed 28 stack frames]]>
    </failure>
  </testcase> <!-- @AfterMethod afterMethod -->
  <testcase classname="com.PacificPower.Test.FacebookTest2" name="@BeforeMethod berforeMethod" time="0.0">
    <skipped/>
  </testcase> <!-- @BeforeMethod berforeMethod -->
  <testcase classname="com.PacificPower.generic.BaseTest" name="@AfterMethod afterMethod" time="0.0">
    <skipped/>
  </testcase> <!-- @AfterMethod afterMethod -->
  <testcase classname="com.PacificPower.Test.FacebookTest2" name="@AfterClass afterClass" time="0.0">
    <skipped/>
  </testcase> <!-- @AfterClass afterClass -->
  <testcase classname="com.PacificPower.generic.BaseTest" name="@AfterClass closeReport" time="0.0">
    <skipped/>
  </testcase> <!-- @AfterClass closeReport -->
  <testcase classname="com.PacificPower.Test.FacebookTest" name="clickOnDummy" time="1.43">
    <failure type="junit.framework.AssertionFailedError">
      <![CDATA[junit.framework.AssertionFailedError
at junit.framework.Assert.fail(Assert.java:47)
at junit.framework.Assert.assertTrue(Assert.java:20)
at junit.framework.Assert.assertTrue(Assert.java:27)
at com.PacificPower.Utility.Utility.verifyResult(Utility.java:63)
at com.PacificPower.PageObjects.FacebookHomePage.clickOnDummy(FacebookHomePage.java:26)
at com.PacificPower.Views.FacebookHomeView.clickOnDummy(FacebookHomeView.java:31)
at com.PacificPower.Test.FacebookTest.clickOnDummy(FacebookTest.java:41)
... Removed 25 stack frames]]>
    </failure>
  </testcase> <!-- clickOnDummy -->
  <testcase classname="com.PacificPower.Test.FacebookTest" name="facebookTest1" time="0.905"/>
  <testcase classname="com.PacificPower.Test.FacebookTest2" name="clickOnDummy1" time="0.03">
    <failure type="java.lang.NullPointerException">
      <![CDATA[java.lang.NullPointerException
at com.PacificPower.Utility.Utility.verifyResult(Utility.java:48)
at com.PacificPower.PageObjects.FacebookHomePage.clickOnDummy(FacebookHomePage.java:26)
at com.PacificPower.Views.FacebookHomeView.clickOnDummy(FacebookHomeView.java:31)
at com.PacificPower.Test.FacebookTest2.clickOnDummy1(FacebookTest2.java:37)
... Removed 25 stack frames]]>
    </failure>
  </testcase> <!-- clickOnDummy1 -->
  <testcase classname="com.PacificPower.Test.FacebookTest2" name="facebookTest2" time="0.0">
    <skipped/>
  </testcase> <!-- facebookTest2 -->
</testsuite> <!-- Pacific Power -->
